[2024-12-11 11:17:54] INFO: Server running on port 3001
[2024-12-11 11:17:59] INFO: Fetched recent images from Redis successfully.
[2024-12-11 11:17:59] INFO: Fetched image image_1733866425025 from Redis successfully.
[2024-12-11 11:17:59] INFO: Fetched image image_1733940203685 from Redis successfully.
[2024-12-11 11:17:59] INFO: Fetched image image_1733855358254 from Redis successfully.
[2024-12-11 11:17:59] INFO: Fetched image image_1733855118226 from Redis successfully.
[2024-12-11 11:17:59] INFO: Fetched image image_1733855063885 from Redis successfully.
[2024-12-11 11:17:59] INFO: Fetched image URLs from bucket successfully.
[2024-12-11 11:18:25] INFO: Removed oldest image from Redis: image_1733855063885
[2024-12-11 11:18:26] INFO: Uploaded image to Google Cloud Storage: https://storage.googleapis.com/photomanagement_ai_photos/image_1733941105430
[2024-12-11 11:19:13] INFO: Deleted uploaded image: image_1733941105430
[2024-12-11 11:19:13] INFO: Face detection and matching completed successfully.
[2024-12-11 11:19:13] INFO: Fetched image image_1733941105430 from Redis successfully.
[2024-12-11 11:19:13] INFO: Fetched recent images from Redis successfully.
[2024-12-11 11:19:23] INFO: Removed oldest image from Redis: image_1733855118226
[2024-12-11 11:19:24] WARN: Multiple faces detected in the image.
[2024-12-11 11:19:24] INFO: Fetched recent images from Redis successfully.
[2024-12-11 11:19:24] INFO: Fetched image image_1733941163892 from Redis successfully.
[2024-12-11 11:19:32] INFO: Removed oldest image from Redis: image_1733855358254
[2024-12-11 11:19:33] WARN: No face detected in the image.
[2024-12-11 11:19:33] INFO: Fetched image image_1733941172485 from Redis successfully.
[2024-12-11 11:19:33] INFO: Fetched recent images from Redis successfully.
[2024-12-11 11:19:42] WARN: Multiple faces detected in the image.
[2024-12-11 11:19:52] WARN: No face detected in the image.
[2024-12-11 11:19:57] INFO: Uploaded image to Google Cloud Storage: https://storage.googleapis.com/photomanagement_ai_photos/image_1733940203685
[2024-12-11 11:20:41] INFO: Deleted uploaded image: image_1733940203685
[2024-12-11 11:20:41] INFO: Face detection and matching completed successfully.
[2024-12-11 11:40:52] INFO: Fetched recent images from Redis successfully.
[2024-12-11 11:40:53] INFO: Uploaded image to Google Cloud Storage: https://storage.googleapis.com/photomanagement_ai_photos/image_1733940203685
[2024-12-11 11:41:03] INFO: Server running on port 3001
[2024-12-11 11:42:04] INFO: Server running on port 3001
[2024-12-11 11:42:07] INFO: Fetched recent images from Redis successfully.
[2024-12-11 11:42:07] INFO: Fetched image image_1733941172485 from Redis successfully.
[2024-12-11 11:42:07] INFO: Fetched image image_1733941163892 from Redis successfully.
[2024-12-11 11:42:07] INFO: Fetched image image_1733941105430 from Redis successfully.
[2024-12-11 11:42:07] INFO: Fetched image image_1733940203685 from Redis successfully.
[2024-12-11 11:42:07] INFO: Fetched image image_1733866425025 from Redis successfully.
[2024-12-11 11:42:08] INFO: Fetched image URLs from bucket successfully.
[2024-12-11 11:42:27] INFO: Removed oldest image from Redis: image_1733866425025
[2024-12-11 11:42:29] INFO: Uploaded image to Google Cloud Storage: https://storage.googleapis.com/photomanagement_ai_photos/image_1733942547216
[2024-12-11 11:43:14] INFO: Deleted uploaded image: image_1733942547216
[2024-12-11 11:43:14] INFO: Face detection and matching completed successfully.
[2024-12-11 11:43:14] INFO: Fetched image image_1733942547216 from Redis successfully.
[2024-12-11 11:43:14] INFO: Fetched recent images from Redis successfully.
[2024-12-11 11:43:29] INFO: Removed oldest image from Redis: image_1733940203685
[2024-12-11 11:43:29] WARN: Multiple faces detected in the image.
[2024-12-11 11:43:29] INFO: Fetched recent images from Redis successfully.
[2024-12-11 11:43:29] INFO: Fetched image image_1733942609080 from Redis successfully.
[2024-12-11 11:43:36] INFO: Removed oldest image from Redis: image_1733941105430
[2024-12-11 11:43:37] WARN: No face detected in the image.
[2024-12-11 11:43:37] INFO: Fetched image image_1733942616250 from Redis successfully.
[2024-12-11 11:43:37] INFO: Fetched recent images from Redis successfully.
[2024-12-11 11:43:43] WARN: Multiple faces detected in the image.
[2024-12-11 11:43:52] INFO: Uploaded image to Google Cloud Storage: https://storage.googleapis.com/photomanagement_ai_photos/image_1733942547216
[2024-12-11 11:44:35] INFO: Deleted uploaded image: image_1733942547216
[2024-12-11 11:44:35] INFO: Face detection and matching completed successfully.
[2024-12-11 11:51:22] INFO: Fetched recent images from Redis successfully.
[2024-12-11 11:51:23] INFO: Fetched image URLs from bucket successfully.
[2024-12-11 11:51:24] INFO: Uploaded image to Google Cloud Storage: https://storage.googleapis.com/photomanagement_ai_photos/image_1733942547216
[2024-12-11 11:51:36] INFO: Fetched recent images from Redis successfully.
[2024-12-11 11:51:37] INFO: Fetched image URLs from bucket successfully.
[2024-12-11 11:51:38] INFO: Uploaded image to Google Cloud Storage: https://storage.googleapis.com/photomanagement_ai_photos/image_1733942547216
[2024-12-11 11:52:07] INFO: Deleted uploaded image: image_1733942547216
[2024-12-11 11:52:07] INFO: Face detection and matching completed successfully.
[2024-12-11 11:52:25] ERROR: Error deleting uploaded image: No such object: photomanagement_ai_photos/image_1733942547216
[2024-12-11 11:52:25] INFO: Face detection and matching completed successfully.
[2024-12-11 11:55:27] INFO: [Backend-Node] Server running on port 3001
[2024-12-11 11:55:41] INFO: [Backend-Node] Fetched recent images from Redis successfully.
[2024-12-11 11:55:41] INFO: [Backend-Node] Fetched image image_1733942616250 from Redis successfully.
[2024-12-11 11:55:41] INFO: [Backend-Node] Fetched image image_1733942609080 from Redis successfully.
[2024-12-11 11:55:41] INFO: [Backend-Node] Fetched image image_1733942547216 from Redis successfully.
[2024-12-11 11:55:41] INFO: [Backend-Node] Fetched image image_1733941163892 from Redis successfully.
[2024-12-11 11:55:41] INFO: [Backend-Node] Fetched image image_1733941172485 from Redis successfully.
[2024-12-11 11:55:42] INFO: [Backend-Node] Fetched image URLs from bucket successfully.
[2024-12-11 11:56:09] INFO: [Backend-Node] Removed oldest image from Redis: image_1733941163892
[2024-12-11 11:56:11] INFO: [Backend-Node] Uploaded image to Google Cloud Storage: https://storage.googleapis.com/photomanagement_ai_photos/image_1733943369149
[2024-12-11 11:56:54] INFO: [Backend-Node] Deleted uploaded image: image_1733943369149
[2024-12-11 11:56:54] INFO: [Backend-Node] Face detection and matching completed successfully.
[2024-12-11 11:56:54] INFO: [Backend-Node] Fetched image image_1733943369149 from Redis successfully.
[2024-12-11 11:56:54] INFO: [Backend-Node] Fetched recent images from Redis successfully.
[2024-12-11 11:57:01] INFO: [Backend-Node] Removed oldest image from Redis: image_1733941172485
[2024-12-11 11:57:02] WARN: Multiple faces detected in the image.
[2024-12-11 11:57:02] INFO: [Backend-Node] Fetched image image_1733943421843 from Redis successfully.
[2024-12-11 11:57:02] INFO: [Backend-Node] Fetched recent images from Redis successfully.
[2024-12-11 11:57:14] INFO: [Backend-Node] Removed oldest image from Redis: image_1733942547216
[2024-12-11 11:57:15] WARN: No face detected in the image.
[2024-12-11 11:57:15] INFO: [Backend-Node] Fetched image image_1733943434578 from Redis successfully.
[2024-12-11 11:57:15] INFO: [Backend-Node] Fetched recent images from Redis successfully.
[2024-12-11 11:57:20] WARN: Multiple faces detected in the image.
[2024-12-11 11:57:26] INFO: [Backend-Node] Uploaded image to Google Cloud Storage: https://storage.googleapis.com/photomanagement_ai_photos/image_1733943369149
[2024-12-11 11:57:52] INFO: [Backend-Node] Deleted uploaded image: image_1733943369149
[2024-12-11 11:57:52] INFO: [Backend-Node] Face detection and matching completed successfully.
[2024-12-11 12:02:06] INFO: [Backend-Node] Server running on port 3001
[2024-12-11 12:02:12] INFO: [Backend-Node] Fetched recent images from Redis successfully.
[2024-12-11 12:02:12] INFO: [Backend-Node] Fetched image image_1733943434578 from Redis successfully.
[2024-12-11 12:02:12] INFO: [Backend-Node] Fetched image image_1733943369149 from Redis successfully.
[2024-12-11 12:02:12] INFO: [Backend-Node] Fetched image image_1733943421843 from Redis successfully.
[2024-12-11 12:02:12] INFO: [Backend-Node] Fetched image image_1733942616250 from Redis successfully.
[2024-12-11 12:02:12] INFO: [Backend-Node] Fetched image image_1733942609080 from Redis successfully.
[2024-12-11 12:02:12] INFO: [Backend-Node] Fetched image URLs from bucket successfully.
[2024-12-11 12:02:24] INFO: [Backend-Node] Removed oldest image from Redis: image_1733942609080
[2024-12-11 12:02:25] WARN: Multiple faces detected in the image.
[2024-12-11 12:02:25] INFO: [Backend-Node] Fetched image image_1733943744117 from Redis successfully.
[2024-12-11 12:02:25] INFO: [Backend-Node] Fetched recent images from Redis successfully.
[2024-12-11 12:02:34] INFO: [Backend-Node] Removed oldest image from Redis: image_1733942616250
[2024-12-11 12:02:35] INFO: [Backend-Node] Uploaded image to Google Cloud Storage: https://storage.googleapis.com/photomanagement_ai_photos/image_1733943754253
[2024-12-11 12:03:02] INFO: [Backend-Node] Deleted uploaded image: image_1733943754253
[2024-12-11 12:03:02] INFO: [Backend-Node] Face detection and matching completed successfully.
[2024-12-11 12:03:02] INFO: [Backend-Node] Fetched image image_1733943754253 from Redis successfully.
[2024-12-11 12:03:02] INFO: [Backend-Node] Fetched recent images from Redis successfully.
[2024-12-11 12:03:57] WARN: No face detected in the image.
[2024-12-11 12:04:02] WARN: Multiple faces detected in the image.
[2024-12-11 12:04:15] INFO: [Backend-Node] Uploaded image to Google Cloud Storage: https://storage.googleapis.com/photomanagement_ai_photos/image_1733943369149
[2024-12-11 12:04:42] INFO: [Backend-Node] Deleted uploaded image: image_1733943369149
[2024-12-11 12:04:42] INFO: [Backend-Node] Face detection and matching completed successfully.
[2024-12-11 12:06:51] INFO: [Backend-Node] Server running on port 3001
[2024-12-11 12:07:21] INFO: [Backend-Node] Fetched recent images from Redis successfully.
[2024-12-11 12:07:21] INFO: [Backend-Node] Fetched image image_1733943754253 from Redis successfully.
[2024-12-11 12:07:21] INFO: [Backend-Node] Fetched image image_1733943744117 from Redis successfully.
[2024-12-11 12:07:21] INFO: [Backend-Node] Fetched image image_1733943434578 from Redis successfully.
[2024-12-11 12:07:21] INFO: [Backend-Node] Fetched image image_1733943421843 from Redis successfully.
[2024-12-11 12:07:21] INFO: [Backend-Node] Fetched image image_1733943369149 from Redis successfully.
[2024-12-11 12:07:21] INFO: [Backend-Node] Fetched image URLs from bucket successfully.
[2024-12-11 12:07:26] INFO: [Backend-Node] Uploaded image to Google Cloud Storage: https://storage.googleapis.com/photomanagement_ai_photos/image_1733943754253
[2024-12-11 12:07:49] INFO: [Backend-Node] Deleted uploaded image: image_1733943754253
[2024-12-11 12:07:49] INFO: [Backend-Node] Face detection and matching completed successfully.
[2024-12-11 12:12:45] INFO: [Backend-Node] Fetched recent images from Redis successfully.
[2024-12-11 12:12:45] INFO: [Backend-Node] Fetched image image_1733943754253 from Redis successfully.
[2024-12-11 12:12:45] INFO: [Backend-Node] Fetched image image_1733943744117 from Redis successfully.
[2024-12-11 12:12:45] INFO: [Backend-Node] Fetched image image_1733943434578 from Redis successfully.
[2024-12-11 12:12:45] INFO: [Backend-Node] Fetched image image_1733943421843 from Redis successfully.
[2024-12-11 12:12:45] INFO: [Backend-Node] Fetched image image_1733943369149 from Redis successfully.
[2024-12-11 12:12:45] INFO: [Backend-Node] Fetched image URLs from bucket successfully.
[2024-12-11 12:12:51] WARN: Multiple faces detected in the image.
[2024-12-11 12:20:30] INFO: [Backend-Node] Server running on port 3001
[2024-12-11 12:20:41] INFO: [Frontend] Fetching recent images from Redis...
[2024-12-11 12:20:41] INFO: [Frontend] Fetching photos from the backend...
[2024-12-11 12:20:41] INFO: [Backend-Node] Fetched recent images from Redis successfully.
[2024-12-11 12:20:41] INFO: [Frontend] Recent images fetched successfully
[2024-12-11 12:20:41] INFO: [Backend-Node] Fetched image image_1733943754253 from Redis successfully.
[2024-12-11 12:20:41] INFO: [Backend-Node] Fetched image image_1733943744117 from Redis successfully.
[2024-12-11 12:20:41] INFO: [Backend-Node] Fetched image image_1733943434578 from Redis successfully.
[2024-12-11 12:20:41] INFO: [Backend-Node] Fetched image image_1733943421843 from Redis successfully.
[2024-12-11 12:20:41] INFO: [Backend-Node] Fetched image image_1733943369149 from Redis successfully.
[2024-12-11 12:20:41] INFO: [Backend-Node] Fetched image URLs from bucket successfully.
[2024-12-11 12:20:41] INFO: [Frontend] Fetched photos successfully
[2024-12-11 12:20:44] INFO: [Frontend] Image selected from dropdown
[2024-12-11 12:20:44] INFO: [Frontend] Redis image selected
[2024-12-11 12:20:44] INFO: [Frontend] Processing Redis image
[2024-12-11 12:20:45] INFO: [Backend-Node] Uploaded image to Google Cloud Storage: https://storage.googleapis.com/photomanagement_ai_photos/image_1733943754253
[2024-12-11 12:21:09] INFO: [Backend-Node] Deleted uploaded image: image_1733943754253
[2024-12-11 12:21:09] INFO: [Backend-Node] Face detection and matching completed successfully.
[2024-12-11 12:21:09] INFO: [Frontend] Redis image processed successfully Face detection successful.
[2024-12-11 12:23:21] INFO: [Frontend] Image selected from dropdown
[2024-12-11 12:23:21] INFO: [Frontend] Redis image selected
[2024-12-11 12:23:21] INFO: [Frontend] Processing Redis image
[2024-12-11 12:23:22] WARN: Multiple faces detected in the image.
[2024-12-11 12:23:22] INFO: [Frontend] Redis image processed successfully Multiple faces detected
[2024-12-11 14:47:32] INFO: [Backend-Node] Server running on port 3001
[2024-12-11 14:48:07] INFO: [Frontend] Fetching recent images from Redis...
[2024-12-11 14:48:07] INFO: [Frontend] Fetching photos from the backend...
[2024-12-11 14:48:07] INFO: [Backend-Node] Fetched recent images from Redis successfully.
[2024-12-11 14:48:07] INFO: [Frontend] Recent images fetched successfully
[2024-12-11 14:48:07] INFO: [Backend-Node] Fetched image image_1733943754253 from Redis successfully.
[2024-12-11 14:48:07] INFO: [Backend-Node] Fetched image image_1733943744117 from Redis successfully.
[2024-12-11 14:48:07] INFO: [Backend-Node] Fetched image image_1733943434578 from Redis successfully.
[2024-12-11 14:48:07] INFO: [Backend-Node] Fetched image image_1733943421843 from Redis successfully.
[2024-12-11 14:48:07] INFO: [Backend-Node] Fetched image image_1733943369149 from Redis successfully.
[2024-12-11 14:48:09] INFO: [Backend-Node] Fetched image URLs from bucket successfully.
[2024-12-11 14:48:09] INFO: [Frontend] Fetched photos successfully
[2024-12-11 14:48:27] INFO: [Frontend] Redis image selected
[2024-12-11 14:48:27] INFO: [Frontend] Image selected from dropdown
[2024-12-11 14:48:27] INFO: [Frontend] Processing Redis image
[2024-12-11 14:48:29] WARN: [Backend-Node] Multiple faces detected in the image.
[2024-12-11 14:48:29] INFO: [Frontend] Redis image processed successfully Multiple faces detected
[2024-12-11 14:48:34] INFO: [Frontend] Processing Redis image
[2024-12-11 14:48:34] INFO: [Frontend] Image selected from dropdown
[2024-12-11 14:48:34] INFO: [Frontend] Redis image selected
[2024-12-11 14:48:35] INFO: [Backend-Node] Uploaded image to Google Cloud Storage: https://storage.googleapis.com/photomanagement_ai_photos/image_1733943754253
[2024-12-11 14:49:20] INFO: [Backend-Node] Deleted uploaded image: image_1733943754253
[2024-12-11 14:49:20] INFO: [Backend-Node] Face detection and matching completed successfully.
[2024-12-11 14:49:20] INFO: [Frontend] Redis image processed successfully Face detection successful.
[2024-12-11 15:02:20] INFO: [Frontend] Fetching photos from the backend...
[2024-12-11 15:02:20] INFO: [Frontend] Fetching recent images from Redis...
[2024-12-11 15:02:20] INFO: [Backend-Node] Fetched recent images from Redis successfully.
[2024-12-11 15:02:20] INFO: [Frontend] Recent images fetched successfully
[2024-12-11 15:02:20] INFO: [Backend-Node] Fetched image image_1733943754253 from Redis successfully.
[2024-12-11 15:02:20] INFO: [Backend-Node] Fetched image image_1733943744117 from Redis successfully.
[2024-12-11 15:02:20] INFO: [Backend-Node] Fetched image image_1733943434578 from Redis successfully.
[2024-12-11 15:02:20] INFO: [Backend-Node] Fetched image image_1733943421843 from Redis successfully.
[2024-12-11 15:02:20] INFO: [Backend-Node] Fetched image image_1733943369149 from Redis successfully.
[2024-12-11 15:02:20] INFO: [Backend-Node] Fetched image URLs from bucket successfully.
[2024-12-11 15:02:20] INFO: [Frontend] Fetched photos successfully
[2024-12-11 15:02:28] INFO: [Frontend] Image selected from dropdown
[2024-12-11 15:02:28] INFO: [Frontend] Redis image selected
[2024-12-11 15:02:28] INFO: [Frontend] Processing Redis image
[2024-12-11 15:02:30] INFO: [Backend-Node] Uploaded image to Google Cloud Storage: https://storage.googleapis.com/photomanagement_ai_photos/image_1733943369149
[2024-12-11 15:02:34] INFO: [Backend-Python] Downloaded input image from URL to /tmp/tmpwdo8xe0f.jpg
[2024-12-11 15:02:36] INFO: [Backend-Python] Detected 1 face(s) in the image.
[2024-12-11 15:02:38] INFO: [Backend-Python] Detected 1 face(s) in the image.
[2024-12-11 15:02:40] INFO: [Backend-Python] Detected 2 face(s) in the image.
[2024-12-11 15:02:42] INFO: [Backend-Python] Detected 1 face(s) in the image.
[2024-12-11 15:02:43] INFO: [Backend-Python] Detected 0 face(s) in the image.
[2024-12-11 15:02:44] INFO: [Backend-Python] Detected 0 face(s) in the image.
[2024-12-11 15:02:44] INFO: [Backend-Python] Detected 0 face(s) in the image.
[2024-12-11 15:02:46] INFO: [Backend-Python] Detected 2 face(s) in the image.
[2024-12-11 15:02:48] INFO: [Backend-Python] Detected 1 face(s) in the image.
[2024-12-11 15:02:50] INFO: [Backend-Python] Detected 2 face(s) in the image.
[2024-12-11 15:02:52] INFO: [Backend-Python] Detected 2 face(s) in the image.
[2024-12-11 15:02:54] INFO: [Backend-Python] Detected 2 face(s) in the image.
[2024-12-11 15:02:56] INFO: [Backend-Python] Detected 1 face(s) in the image.
[2024-12-11 15:02:58] INFO: [Backend-Python] Detected 2 face(s) in the image.
[2024-12-11 15:03:00] INFO: [Backend-Python] Detected 1 face(s) in the image.
[2024-12-11 15:03:01] INFO: [Backend-Python] Detected 1 face(s) in the image.
[2024-12-11 15:03:03] INFO: [Backend-Python] Detected 1 face(s) in the image.
[2024-12-11 15:03:05] INFO: [Backend-Python] Detected 1 face(s) in the image.
[2024-12-11 15:03:07] INFO: [Backend-Python] Detected 1 face(s) in the image.
[2024-12-11 15:03:09] INFO: [Backend-Python] Detected 1 face(s) in the image.
[2024-12-11 15:03:09] INFO: [Backend-Python] Detected 0 face(s) in the image.
[2024-12-11 15:03:10] INFO: [Backend-Python] Detected 0 face(s) in the image.
[2024-12-11 15:03:11] INFO: [Backend-Python] Detected 0 face(s) in the image.
[2024-12-11 15:03:13] INFO: [Backend-Python] Detected 1 face(s) in the image.
[2024-12-11 15:03:14] INFO: [Backend-Python] Detected 1 face(s) in the image.
[2024-12-11 15:03:14] INFO: [Backend-Python] Matching faces found: 2
[2024-12-11 15:03:14] INFO: [Backend-Python] Face matching completed successfully.
[2024-12-11 15:03:14] INFO: [Backend-Python] Temporary image file /tmp/tmpwdo8xe0f.jpg deleted.
[2024-12-11 15:03:15] INFO: [Backend-Node] Deleted uploaded image: image_1733943369149
[2024-12-11 15:03:15] INFO: [Backend-Node] Face detection and matching completed successfully.
[2024-12-11 15:03:15] INFO: [Frontend] Redis image processed successfully Face detection successful.
[2024-12-11 15:06:00] INFO: [Backend-Node] Fetched recent images from Redis successfully.
[2024-12-11 15:06:01] INFO: [Backend-Node] Fetched image URLs from bucket successfully.
[2024-12-11 15:06:02] INFO: [Backend-Node] Uploaded image to Google Cloud Storage: https://storage.googleapis.com/photomanagement_ai_photos/image_1733943369149
[2024-12-11 15:06:20] INFO: [Backend-Node] Server running on port 3001
[2024-12-11 15:06:24] INFO: [Frontend] Fetching recent images from Redis...
[2024-12-11 15:06:25] INFO: [Frontend] Fetching photos from the backend...
[2024-12-11 15:06:25] INFO: [Backend-Node] Fetched recent images from Redis successfully.
[2024-12-11 15:06:25] INFO: [Frontend] Recent images fetched successfully
[2024-12-11 15:06:25] INFO: [Backend-Node] Fetched image image_1733943754253 from Redis successfully.
[2024-12-11 15:06:25] INFO: [Backend-Node] Fetched image image_1733943744117 from Redis successfully.
[2024-12-11 15:06:25] INFO: [Backend-Node] Fetched image image_1733943434578 from Redis successfully.
[2024-12-11 15:06:25] INFO: [Backend-Node] Fetched image image_1733943369149 from Redis successfully.
[2024-12-11 15:06:25] INFO: [Backend-Node] Fetched image image_1733943421843 from Redis successfully.
[2024-12-11 15:06:26] INFO: [Backend-Node] Fetched image URLs from bucket successfully.
[2024-12-11 15:06:26] INFO: [Frontend] Fetched photos successfully
[2024-12-11 15:06:30] INFO: [Frontend] Image selected from dropdown
[2024-12-11 15:06:30] INFO: [Frontend] Processing Redis image
[2024-12-11 15:06:30] INFO: [Frontend] Redis image selected
[2024-12-11 15:06:32] INFO: [Backend-Node] Uploaded image to Google Cloud Storage: https://storage.googleapis.com/photomanagement_ai_photos/image_1733943369149
[2024-12-11 15:06:35] INFO: [Backend-Python] Downloaded input image from URL to /tmp/tmp4cff6n1o.jpg
[2024-12-11 15:06:37] INFO: [Backend-Python] Detected 1 face(s) in the image.
[2024-12-11 15:06:39] INFO: [Backend-Python] Detected 1 face(s) in the image.
[2024-12-11 15:06:41] INFO: [Backend-Python] Detected 2 face(s) in the image.
[2024-12-11 15:06:43] INFO: [Backend-Python] Detected 1 face(s) in the image.
[2024-12-11 15:06:44] INFO: [Backend-Python] Detected 0 face(s) in the image.
[2024-12-11 15:06:45] INFO: [Backend-Python] Detected 0 face(s) in the image.
[2024-12-11 15:06:45] INFO: [Backend-Python] Detected 0 face(s) in the image.
[2024-12-11 15:06:47] INFO: [Backend-Python] Detected 2 face(s) in the image.
[2024-12-11 15:06:49] INFO: [Backend-Python] Detected 1 face(s) in the image.
[2024-12-11 15:06:51] INFO: [Backend-Python] Detected 2 face(s) in the image.
[2024-12-11 15:06:53] INFO: [Backend-Python] Detected 2 face(s) in the image.
[2024-12-11 15:06:55] INFO: [Backend-Python] Detected 2 face(s) in the image.
[2024-12-11 15:06:57] INFO: [Backend-Python] Detected 1 face(s) in the image.
[2024-12-11 15:06:59] INFO: [Backend-Python] Detected 2 face(s) in the image.
[2024-12-11 15:07:01] INFO: [Backend-Python] Detected 1 face(s) in the image.
[2024-12-11 15:07:03] INFO: [Backend-Python] Detected 1 face(s) in the image.
[2024-12-11 15:07:05] INFO: [Backend-Python] Detected 1 face(s) in the image.
[2024-12-11 15:07:07] INFO: [Backend-Python] Detected 1 face(s) in the image.
[2024-12-11 15:07:09] INFO: [Backend-Python] Detected 1 face(s) in the image.
[2024-12-11 15:07:11] INFO: [Backend-Python] Detected 1 face(s) in the image.
[2024-12-11 15:07:12] INFO: [Backend-Python] Detected 0 face(s) in the image.
[2024-12-11 15:07:13] INFO: [Backend-Python] Detected 0 face(s) in the image.
[2024-12-11 15:07:13] INFO: [Backend-Python] Detected 0 face(s) in the image.
[2024-12-11 15:07:15] INFO: [Backend-Python] Detected 1 face(s) in the image.
[2024-12-11 15:07:16] INFO: [Backend-Python] Detected 1 face(s) in the image.
[2024-12-11 15:07:16] INFO: [Backend-Python] Matching faces found: 2
[2024-12-11 15:07:16] INFO: [Backend-Python] Face matching completed successfully.
[2024-12-11 15:07:16] INFO: [Backend-Python] Temporary image file /tmp/tmp4cff6n1o.jpg deleted.
[2024-12-11 15:07:18] INFO: [Backend-Node] Deleted uploaded image: image_1733943369149
[2024-12-11 15:07:18] INFO: [Backend-Node] Face detection and matching completed successfully.
[2024-12-11 15:07:18] INFO: [Frontend] Redis image processed successfully Face detection successful.
[2024-12-11 15:07:39] INFO: [Frontend] Image selected from dropdown
[2024-12-11 15:07:39] INFO: [Frontend] Processing Redis image
[2024-12-11 15:07:39] INFO: [Frontend] Redis image selected
[2024-12-11 15:07:40] WARN: [Backend-Node] Multiple faces detected in the image.
[2024-12-11 15:07:40] INFO: [Frontend] Redis image processed successfully Multiple faces detected
[2024-12-11 15:07:43] INFO: [Frontend] Image selected from dropdown
[2024-12-11 15:07:43] INFO: [Frontend] Redis image selected
[2024-12-11 15:07:43] INFO: [Frontend] Processing Redis image
[2024-12-11 15:07:44] WARN: [Backend-Node] No face detected in the image.
[2024-12-11 15:07:44] INFO: [Frontend] Redis image processed successfully No face detected
[2024-12-11 15:07:51] INFO: [Frontend] File selected for upload
[2024-12-11 15:07:53] INFO: [Frontend] Starting file upload
[2024-12-11 15:07:53] INFO: [Backend-Node] Removed oldest image from Redis: image_1733943369149
[2024-12-11 15:07:55] INFO: [Backend-Node] Uploaded image to Google Cloud Storage: https://storage.googleapis.com/photomanagement_ai_photos/image_1733954873042
[2024-12-11 15:07:58] INFO: [Backend-Python] Downloaded input image from URL to /tmp/tmp3qzxesnt.jpg
[2024-12-11 15:08:00] INFO: [Backend-Python] Detected 1 face(s) in the image.
[2024-12-11 15:08:02] INFO: [Backend-Python] Detected 1 face(s) in the image.
[2024-12-11 15:08:04] INFO: [Backend-Python] Detected 2 face(s) in the image.
[2024-12-11 15:08:05] INFO: [Backend-Python] Detected 1 face(s) in the image.
[2024-12-11 15:08:06] INFO: [Backend-Python] Detected 0 face(s) in the image.
[2024-12-11 15:08:07] INFO: [Backend-Python] Detected 0 face(s) in the image.
[2024-12-11 15:08:08] INFO: [Backend-Python] Detected 0 face(s) in the image.
[2024-12-11 15:08:10] INFO: [Backend-Python] Detected 2 face(s) in the image.
[2024-12-11 15:08:12] INFO: [Backend-Python] Detected 1 face(s) in the image.
[2024-12-11 15:08:14] INFO: [Backend-Python] Detected 2 face(s) in the image.
[2024-12-11 15:08:16] INFO: [Backend-Python] Detected 2 face(s) in the image.
[2024-12-11 15:08:18] INFO: [Backend-Python] Detected 2 face(s) in the image.
[2024-12-11 15:08:20] INFO: [Backend-Python] Detected 1 face(s) in the image.
[2024-12-11 15:08:22] INFO: [Backend-Python] Detected 2 face(s) in the image.
[2024-12-11 15:08:23] INFO: [Backend-Python] Detected 1 face(s) in the image.
[2024-12-11 15:08:25] INFO: [Backend-Python] Detected 1 face(s) in the image.
[2024-12-11 15:08:27] INFO: [Backend-Python] Detected 1 face(s) in the image.
[2024-12-11 15:08:29] INFO: [Backend-Python] Detected 1 face(s) in the image.
[2024-12-11 15:08:31] INFO: [Backend-Python] Detected 1 face(s) in the image.
[2024-12-11 15:08:32] INFO: [Backend-Python] Detected 1 face(s) in the image.
[2024-12-11 15:08:33] INFO: [Backend-Python] Detected 0 face(s) in the image.
[2024-12-11 15:08:34] INFO: [Backend-Python] Detected 0 face(s) in the image.
[2024-12-11 15:08:35] INFO: [Backend-Python] Detected 0 face(s) in the image.
[2024-12-11 15:08:37] INFO: [Backend-Python] Detected 1 face(s) in the image.
[2024-12-11 15:08:38] INFO: [Backend-Python] Detected 1 face(s) in the image.
[2024-12-11 15:08:38] INFO: [Backend-Python] Matching faces found: 6
[2024-12-11 15:08:38] INFO: [Backend-Python] Face matching completed successfully.
[2024-12-11 15:08:38] INFO: [Backend-Python] Temporary image file /tmp/tmp3qzxesnt.jpg deleted.
[2024-12-11 15:08:39] INFO: [Backend-Node] Deleted uploaded image: image_1733954873042
[2024-12-11 15:08:39] INFO: [Backend-Node] Face detection and matching completed successfully.
[2024-12-11 15:08:39] INFO: [Frontend] File uploaded successfully Face detection successful.
[2024-12-11 15:08:39] INFO: [Frontend] Fetching recent images from Redis...
[2024-12-11 15:08:39] INFO: [Backend-Node] Fetched recent images from Redis successfully.
[2024-12-11 15:08:39] INFO: [Backend-Node] Fetched image image_1733954873042 from Redis successfully.
[2024-12-11 15:08:39] INFO: [Frontend] Recent images fetched successfully
[2024-12-11 17:03:14] INFO: [Frontend] Fetching recent images from Redis...
[2024-12-11 17:03:15] INFO: [Frontend] Fetching photos from the backend...
[2024-12-11 17:03:15] INFO: [Backend-Node] Fetched recent images from Redis successfully.
[2024-12-11 17:03:15] INFO: [Frontend] Recent images fetched successfully
[2024-12-11 17:03:15] INFO: [Backend-Node] Fetched image image_1733943754253 from Redis successfully.
[2024-12-11 17:03:15] INFO: [Backend-Node] Fetched image image_1733954873042 from Redis successfully.
[2024-12-11 17:03:15] INFO: [Backend-Node] Fetched image image_1733943744117 from Redis successfully.
[2024-12-11 17:03:15] INFO: [Backend-Node] Fetched image image_1733943421843 from Redis successfully.
[2024-12-11 17:03:15] INFO: [Backend-Node] Fetched image image_1733943434578 from Redis successfully.
[2024-12-11 17:03:16] INFO: [Backend-Node] Fetched image URLs from bucket successfully.
[2024-12-11 17:03:16] INFO: [Frontend] Fetched photos successfully
[2024-12-11 17:03:32] INFO: [Frontend] Fetching recent images from Redis...
[2024-12-11 17:03:32] INFO: [Frontend] Fetching photos from the backend...
[2024-12-11 17:03:32] INFO: [Backend-Node] Fetched recent images from Redis successfully.
[2024-12-11 17:03:32] INFO: [Frontend] Recent images fetched successfully
[2024-12-11 17:03:32] INFO: [Backend-Node] Fetched image image_1733954873042 from Redis successfully.
[2024-12-11 17:03:32] INFO: [Backend-Node] Fetched image image_1733943754253 from Redis successfully.
[2024-12-11 17:03:32] INFO: [Backend-Node] Fetched image URLs from bucket successfully.
[2024-12-11 17:03:32] INFO: [Backend-Node] Fetched image image_1733943744117 from Redis successfully.
[2024-12-11 17:03:32] INFO: [Backend-Node] Fetched image image_1733943421843 from Redis successfully.
[2024-12-11 17:03:32] INFO: [Backend-Node] Fetched image image_1733943434578 from Redis successfully.
[2024-12-11 17:03:32] INFO: [Frontend] Fetched photos successfully
[2024-12-11 17:04:15] INFO: [Frontend] File selected for upload
[2024-12-11 17:04:18] INFO: [Frontend] Starting file upload
[2024-12-11 17:04:18] INFO: [Backend-Node] Removed oldest image from Redis: image_1733943421843
[2024-12-11 17:04:20] INFO: [Backend-Node] Uploaded image to Google Cloud Storage: https://storage.googleapis.com/photomanagement_ai_photos/image_1733961858100
[2024-12-11 17:04:24] INFO: [Backend-Python] Downloaded input image from URL to /tmp/tmpereds5eg.jpg
[2024-12-11 17:04:26] INFO: [Backend-Python] Detected 1 face(s) in the image.
[2024-12-11 17:04:30] INFO: [Backend-Python] Detected 3 face(s) in the image.
[2024-12-11 17:04:30] INFO: [Backend-Python] Detected 1 face(s) in the image.
[2024-12-11 17:04:31] INFO: [Backend-Python] Detected 1 face(s) in the image.
[2024-12-11 17:04:32] INFO: [Backend-Python] Detected 1 face(s) in the image.
[2024-12-11 17:04:34] INFO: [Backend-Python] Detected 1 face(s) in the image.
[2024-12-11 17:04:35] INFO: [Backend-Python] Detected 1 face(s) in the image.
[2024-12-11 17:04:35] INFO: [Backend-Python] Detected 1 face(s) in the image.
[2024-12-11 17:04:36] INFO: [Backend-Python] Detected 1 face(s) in the image.
[2024-12-11 17:04:37] INFO: [Backend-Python] Detected 1 face(s) in the image.
[2024-12-11 17:04:38] INFO: [Backend-Python] Detected 1 face(s) in the image.
[2024-12-11 17:04:38] INFO: [Backend-Python] Detected 1 face(s) in the image.
[2024-12-11 17:04:39] INFO: [Backend-Python] Detected 2 face(s) in the image.
[2024-12-11 17:04:40] INFO: [Backend-Python] Detected 0 face(s) in the image.
[2024-12-11 17:04:40] INFO: [Backend-Python] Detected 0 face(s) in the image.
[2024-12-11 17:04:41] INFO: [Backend-Python] Detected 1 face(s) in the image.
[2024-12-11 17:04:42] INFO: [Backend-Python] Detected 1 face(s) in the image.
[2024-12-11 17:04:44] INFO: [Backend-Python] Detected 1 face(s) in the image.
[2024-12-11 17:04:45] INFO: [Backend-Python] Detected 1 face(s) in the image.
[2024-12-11 17:04:46] INFO: [Backend-Python] Detected 1 face(s) in the image.
[2024-12-11 17:04:47] INFO: [Backend-Python] Detected 1 face(s) in the image.
[2024-12-11 17:04:47] INFO: [Backend-Python] Detected 0 face(s) in the image.
[2024-12-11 17:04:48] INFO: [Backend-Python] Detected 1 face(s) in the image.
[2024-12-11 17:04:49] INFO: [Backend-Python] Detected 1 face(s) in the image.
[2024-12-11 17:04:50] INFO: [Backend-Python] Detected 1 face(s) in the image.
[2024-12-11 17:04:51] INFO: [Backend-Python] Detected 2 face(s) in the image.
[2024-12-11 17:04:52] INFO: [Backend-Python] Detected 1 face(s) in the image.
[2024-12-11 17:04:53] INFO: [Backend-Python] Detected 1 face(s) in the image.
[2024-12-11 17:04:53] INFO: [Backend-Python] Detected 1 face(s) in the image.
[2024-12-11 17:04:54] INFO: [Backend-Python] Detected 1 face(s) in the image.
[2024-12-11 17:04:55] INFO: [Backend-Python] Detected 1 face(s) in the image.
[2024-12-11 17:04:55] INFO: [Backend-Python] Detected 1 face(s) in the image.
[2024-12-11 17:04:56] INFO: [Backend-Python] Detected 2 face(s) in the image.
[2024-12-11 17:04:57] INFO: [Backend-Python] Detected 2 face(s) in the image.
[2024-12-11 17:04:57] INFO: [Backend-Python] Detected 1 face(s) in the image.
[2024-12-11 17:04:57] INFO: [Backend-Python] Detected 1 face(s) in the image.
[2024-12-11 17:04:58] INFO: [Backend-Python] Detected 1 face(s) in the image.
[2024-12-11 17:04:58] INFO: [Backend-Python] Detected 0 face(s) in the image.
[2024-12-11 17:04:58] INFO: [Backend-Python] Matching faces found: 14
[2024-12-11 17:04:58] INFO: [Backend-Python] Face matching completed successfully.
[2024-12-11 17:04:58] INFO: [Backend-Python] Temporary image file /tmp/tmpereds5eg.jpg deleted.
[2024-12-11 17:04:59] INFO: [Backend-Node] Deleted uploaded image: image_1733961858100
[2024-12-11 17:04:59] INFO: [Backend-Node] Face detection and matching completed successfully.
[2024-12-11 17:04:59] INFO: [Frontend] Fetching recent images from Redis...
[2024-12-11 17:04:59] INFO: [Backend-Node] Fetched recent images from Redis successfully.
[2024-12-11 17:04:59] INFO: [Backend-Node] Fetched image image_1733961858100 from Redis successfully.
[2024-12-11 17:04:59] INFO: [Frontend] Recent images fetched successfully
[2024-12-11 17:04:59] INFO: [Frontend] File uploaded successfully Face detection successful.
[2024-12-11 17:05:56] INFO: [Frontend] File selected for upload
[2024-12-11 17:05:58] INFO: [Frontend] Starting file upload
[2024-12-11 17:05:58] INFO: [Backend-Node] Removed oldest image from Redis: image_1733943434578
[2024-12-11 17:05:59] INFO: [Backend-Node] Uploaded image to Google Cloud Storage: https://storage.googleapis.com/photomanagement_ai_photos/image_1733961958077
[2024-12-11 17:06:01] INFO: [Backend-Python] Downloaded input image from URL to /tmp/tmpnnjuilfr.jpg
[2024-12-11 17:06:01] INFO: [Backend-Python] Detected 0 face(s) in the image.
[2024-12-11 17:06:01] INFO: [Backend-Python] Temporary image file /tmp/tmpnnjuilfr.jpg deleted.
[2024-12-11 17:06:01] INFO: [Backend-Node] Deleted uploaded image: image_1733961958077
[2024-12-11 17:06:01] ERROR: [Backend-Node] Python script error: 
[2024-12-11 17:06:01] ERROR: [Frontend] Error uploading file or detecting face
[2024-12-11 17:06:24] INFO: [Frontend] File selected for upload
[2024-12-11 17:06:26] INFO: [Frontend] Starting file upload
[2024-12-11 17:06:26] INFO: [Backend-Node] Removed oldest image from Redis: image_1733943744117
[2024-12-11 17:06:27] INFO: [Backend-Node] Uploaded image to Google Cloud Storage: https://storage.googleapis.com/photomanagement_ai_photos/image_1733961986190
[2024-12-11 17:06:29] INFO: [Backend-Python] Downloaded input image from URL to /tmp/tmpqr70z02z.jpg
[2024-12-11 17:06:29] INFO: [Backend-Python] Detected 1 face(s) in the image.
[2024-12-11 17:06:30] INFO: [Backend-Python] Detected 3 face(s) in the image.
[2024-12-11 17:06:31] INFO: [Backend-Python] Detected 1 face(s) in the image.
[2024-12-11 17:06:31] INFO: [Backend-Python] Detected 1 face(s) in the image.
[2024-12-11 17:06:31] INFO: [Backend-Python] Detected 1 face(s) in the image.
[2024-12-11 17:06:31] INFO: [Backend-Python] Detected 1 face(s) in the image.
[2024-12-11 17:06:32] INFO: [Backend-Python] Detected 1 face(s) in the image.
[2024-12-11 17:06:32] INFO: [Backend-Python] Detected 1 face(s) in the image.
[2024-12-11 17:06:32] INFO: [Backend-Python] Detected 1 face(s) in the image.
[2024-12-11 17:06:32] INFO: [Backend-Python] Detected 1 face(s) in the image.
[2024-12-11 17:06:33] INFO: [Backend-Python] Detected 1 face(s) in the image.
[2024-12-11 17:06:33] INFO: [Backend-Python] Detected 1 face(s) in the image.
[2024-12-11 17:06:33] INFO: [Backend-Python] Detected 2 face(s) in the image.
[2024-12-11 17:06:33] INFO: [Backend-Python] Detected 0 face(s) in the image.
[2024-12-11 17:06:34] INFO: [Backend-Python] Detected 0 face(s) in the image.
[2024-12-11 17:06:34] INFO: [Backend-Python] Detected 1 face(s) in the image.
[2024-12-11 17:06:34] INFO: [Backend-Python] Detected 1 face(s) in the image.
[2024-12-11 17:06:34] INFO: [Backend-Python] Detected 1 face(s) in the image.
[2024-12-11 17:06:35] INFO: [Backend-Python] Detected 1 face(s) in the image.
[2024-12-11 17:06:35] INFO: [Backend-Python] Detected 1 face(s) in the image.
[2024-12-11 17:06:35] INFO: [Backend-Python] Detected 1 face(s) in the image.
[2024-12-11 17:06:35] INFO: [Backend-Python] Detected 0 face(s) in the image.
[2024-12-11 17:06:36] INFO: [Backend-Python] Detected 1 face(s) in the image.
[2024-12-11 17:06:36] INFO: [Backend-Python] Detected 1 face(s) in the image.
[2024-12-11 17:06:36] INFO: [Backend-Python] Detected 1 face(s) in the image.
[2024-12-11 17:06:37] INFO: [Backend-Python] Detected 2 face(s) in the image.
[2024-12-11 17:06:37] INFO: [Backend-Python] Detected 1 face(s) in the image.
[2024-12-11 17:06:37] INFO: [Backend-Python] Detected 1 face(s) in the image.
[2024-12-11 17:06:37] INFO: [Backend-Python] Detected 1 face(s) in the image.
[2024-12-11 17:06:38] INFO: [Backend-Python] Detected 1 face(s) in the image.
[2024-12-11 17:06:38] INFO: [Backend-Python] Detected 1 face(s) in the image.
[2024-12-11 17:06:38] INFO: [Backend-Python] Detected 1 face(s) in the image.
[2024-12-11 17:06:39] INFO: [Backend-Python] Detected 2 face(s) in the image.
[2024-12-11 17:06:39] INFO: [Backend-Python] Detected 2 face(s) in the image.
[2024-12-11 17:06:39] INFO: [Backend-Python] Detected 1 face(s) in the image.
[2024-12-11 17:06:40] INFO: [Backend-Python] Detected 1 face(s) in the image.
[2024-12-11 17:06:40] INFO: [Backend-Python] Detected 1 face(s) in the image.
[2024-12-11 17:06:40] INFO: [Backend-Python] Detected 0 face(s) in the image.
[2024-12-11 17:06:40] INFO: [Backend-Python] Matching faces found: 14
[2024-12-11 17:06:40] INFO: [Backend-Python] Face matching completed successfully.
[2024-12-11 17:06:40] INFO: [Backend-Python] Temporary image file /tmp/tmpqr70z02z.jpg deleted.
[2024-12-11 17:06:40] INFO: [Backend-Node] Deleted uploaded image: image_1733961986190
[2024-12-11 17:06:40] INFO: [Backend-Node] Face detection and matching completed successfully.
[2024-12-11 17:06:40] INFO: [Frontend] Fetching recent images from Redis...
[2024-12-11 17:06:40] INFO: [Backend-Node] Fetched recent images from Redis successfully.
[2024-12-11 17:06:40] INFO: [Frontend] Recent images fetched successfully
[2024-12-11 17:06:40] INFO: [Backend-Node] Fetched image image_1733961986190 from Redis successfully.
[2024-12-11 17:06:40] INFO: [Backend-Node] Fetched image image_1733961958077 from Redis successfully.
[2024-12-11 17:06:40] INFO: [Frontend] File uploaded successfully Face detection successful.
[2024-12-11 17:07:42] INFO: [Frontend] Fetching recent images from Redis...
[2024-12-11 17:07:42] INFO: [Frontend] Fetching photos from the backend...
[2024-12-11 17:07:42] INFO: [Backend-Node] Fetched recent images from Redis successfully.
[2024-12-11 17:07:42] INFO: [Frontend] Recent images fetched successfully
[2024-12-11 17:07:42] INFO: [Backend-Node] Fetched image image_1733961986190 from Redis successfully.
[2024-12-11 17:07:42] INFO: [Backend-Node] Fetched image image_1733961958077 from Redis successfully.
[2024-12-11 17:07:42] INFO: [Backend-Node] Fetched image image_1733961858100 from Redis successfully.
[2024-12-11 17:07:42] INFO: [Backend-Node] Fetched image image_1733954873042 from Redis successfully.
[2024-12-11 17:07:42] INFO: [Backend-Node] Fetched image image_1733943754253 from Redis successfully.
[2024-12-11 17:07:42] INFO: [Backend-Node] Fetched image URLs from bucket successfully.
[2024-12-11 17:07:42] INFO: [Frontend] Fetched photos successfully
[2024-12-11 17:17:31] INFO: [Frontend] File selected for upload
[2024-12-11 17:17:33] INFO: [Frontend] Starting file upload
[2024-12-11 17:17:33] INFO: [Backend-Node] Removed oldest image from Redis: image_1733943754253
[2024-12-11 17:17:34] INFO: [Backend-Node] Uploaded image to Google Cloud Storage: https://storage.googleapis.com/photomanagement_ai_photos/image_1733962653047
[2024-12-11 17:17:37] INFO: [Backend-Python] Downloaded input image from URL to /tmp/tmpjl38if9y.jpg
[2024-12-11 17:17:37] INFO: [Backend-Python] Detected 1 face(s) in the image.
[2024-12-11 17:17:39] INFO: [Backend-Python] Detected 3 face(s) in the image.
[2024-12-11 17:17:39] INFO: [Backend-Python] Detected 1 face(s) in the image.
[2024-12-11 17:17:39] INFO: [Backend-Python] Detected 1 face(s) in the image.
[2024-12-11 17:17:39] INFO: [Backend-Python] Detected 1 face(s) in the image.
[2024-12-11 17:17:40] INFO: [Backend-Python] Detected 1 face(s) in the image.
[2024-12-11 17:17:40] INFO: [Backend-Python] Detected 1 face(s) in the image.
[2024-12-11 17:17:41] INFO: [Backend-Python] Detected 1 face(s) in the image.
[2024-12-11 17:17:41] INFO: [Backend-Python] Detected 1 face(s) in the image.
[2024-12-11 17:17:41] INFO: [Backend-Python] Detected 1 face(s) in the image.
[2024-12-11 17:17:41] INFO: [Backend-Python] Detected 1 face(s) in the image.
[2024-12-11 17:17:42] INFO: [Backend-Python] Detected 1 face(s) in the image.
[2024-12-11 17:17:42] INFO: [Backend-Python] Detected 2 face(s) in the image.
[2024-12-11 17:17:42] INFO: [Backend-Python] Detected 0 face(s) in the image.
[2024-12-11 17:17:42] INFO: [Backend-Python] Detected 0 face(s) in the image.
[2024-12-11 17:17:43] INFO: [Backend-Python] Detected 1 face(s) in the image.
[2024-12-11 17:17:43] INFO: [Backend-Python] Detected 1 face(s) in the image.
[2024-12-11 17:17:43] INFO: [Backend-Python] Detected 1 face(s) in the image.
[2024-12-11 17:17:43] INFO: [Backend-Python] Detected 1 face(s) in the image.
[2024-12-11 17:17:44] INFO: [Backend-Python] Detected 1 face(s) in the image.
[2024-12-11 17:17:44] INFO: [Backend-Python] Detected 1 face(s) in the image.
[2024-12-11 17:17:44] INFO: [Backend-Python] Detected 0 face(s) in the image.
[2024-12-11 17:17:44] INFO: [Backend-Python] Detected 1 face(s) in the image.
[2024-12-11 17:17:44] INFO: [Backend-Python] Detected 1 face(s) in the image.
[2024-12-11 17:17:44] INFO: [Backend-Python] Detected 1 face(s) in the image.
[2024-12-11 17:17:45] INFO: [Backend-Python] Detected 2 face(s) in the image.
[2024-12-11 17:17:45] INFO: [Backend-Python] Detected 1 face(s) in the image.
[2024-12-11 17:17:45] INFO: [Backend-Python] Detected 1 face(s) in the image.
[2024-12-11 17:17:46] INFO: [Backend-Python] Detected 1 face(s) in the image.
[2024-12-11 17:17:46] INFO: [Backend-Python] Detected 1 face(s) in the image.
[2024-12-11 17:17:46] INFO: [Backend-Python] Detected 1 face(s) in the image.
[2024-12-11 17:17:46] INFO: [Backend-Python] Detected 1 face(s) in the image.
[2024-12-11 17:17:47] INFO: [Backend-Python] Detected 2 face(s) in the image.
[2024-12-11 17:17:47] INFO: [Backend-Python] Detected 2 face(s) in the image.
[2024-12-11 17:17:47] INFO: [Backend-Python] Detected 1 face(s) in the image.
[2024-12-11 17:17:48] INFO: [Backend-Python] Detected 1 face(s) in the image.
[2024-12-11 17:17:48] INFO: [Backend-Python] Detected 1 face(s) in the image.
[2024-12-11 17:17:48] INFO: [Backend-Python] Detected 0 face(s) in the image.
[2024-12-11 17:17:48] INFO: [Backend-Python] Matching faces found: 6
[2024-12-11 17:17:48] INFO: [Backend-Python] Face matching completed successfully.
[2024-12-11 17:17:48] INFO: [Backend-Python] Temporary image file /tmp/tmpjl38if9y.jpg deleted.
[2024-12-11 17:17:48] INFO: [Backend-Node] Deleted uploaded image: image_1733962653047
[2024-12-11 17:17:48] INFO: [Backend-Node] Face detection and matching completed successfully.
[2024-12-11 17:17:48] INFO: [Frontend] File uploaded successfully Face detection successful.
[2024-12-11 17:17:48] INFO: [Frontend] Fetching recent images from Redis...
[2024-12-11 17:17:48] INFO: [Backend-Node] Fetched image image_1733962653047 from Redis successfully.
[2024-12-11 17:17:48] INFO: [Backend-Node] Fetched recent images from Redis successfully.
[2024-12-11 17:17:48] INFO: [Frontend] Recent images fetched successfully
[2024-12-11 17:18:01] INFO: [Frontend] Redis image selected
[2024-12-11 17:18:01] INFO: [Frontend] Image selected from dropdown
[2024-12-11 17:18:01] INFO: [Frontend] Processing Redis image
[2024-12-11 17:18:02] INFO: [Backend-Node] Uploaded image to Google Cloud Storage: https://storage.googleapis.com/photomanagement_ai_photos/image_1733961986190
[2024-12-11 17:18:03] INFO: [Backend-Python] Downloaded input image from URL to /tmp/tmp12a8d0ye.jpg
[2024-12-11 17:18:04] INFO: [Backend-Python] Detected 1 face(s) in the image.
[2024-12-11 17:18:05] INFO: [Backend-Python] Detected 3 face(s) in the image.
[2024-12-11 17:18:05] INFO: [Backend-Python] Detected 1 face(s) in the image.
[2024-12-11 17:18:05] INFO: [Backend-Python] Detected 1 face(s) in the image.
[2024-12-11 17:18:06] INFO: [Backend-Python] Detected 1 face(s) in the image.
[2024-12-11 17:18:06] INFO: [Backend-Python] Detected 1 face(s) in the image.
[2024-12-11 17:18:06] INFO: [Backend-Python] Detected 1 face(s) in the image.
[2024-12-11 17:18:06] INFO: [Backend-Python] Detected 1 face(s) in the image.
[2024-12-11 17:18:07] INFO: [Backend-Python] Detected 1 face(s) in the image.
[2024-12-11 17:18:07] INFO: [Backend-Python] Detected 1 face(s) in the image.
[2024-12-11 17:18:07] INFO: [Backend-Python] Detected 1 face(s) in the image.
[2024-12-11 17:18:07] INFO: [Backend-Python] Detected 1 face(s) in the image.
[2024-12-11 17:18:08] INFO: [Backend-Python] Detected 2 face(s) in the image.
[2024-12-11 17:18:08] INFO: [Backend-Python] Detected 0 face(s) in the image.
[2024-12-11 17:18:08] INFO: [Backend-Python] Detected 0 face(s) in the image.
[2024-12-11 17:18:08] INFO: [Backend-Python] Detected 1 face(s) in the image.
[2024-12-11 17:18:09] INFO: [Backend-Python] Detected 1 face(s) in the image.
[2024-12-11 17:18:09] INFO: [Backend-Python] Detected 1 face(s) in the image.
[2024-12-11 17:18:09] INFO: [Backend-Python] Detected 1 face(s) in the image.
[2024-12-11 17:18:09] INFO: [Backend-Python] Detected 1 face(s) in the image.
[2024-12-11 17:18:10] INFO: [Backend-Python] Detected 1 face(s) in the image.
[2024-12-11 17:18:10] INFO: [Backend-Python] Detected 0 face(s) in the image.
[2024-12-11 17:18:10] INFO: [Backend-Python] Detected 1 face(s) in the image.
[2024-12-11 17:18:10] INFO: [Backend-Python] Detected 1 face(s) in the image.
[2024-12-11 17:18:10] INFO: [Backend-Python] Detected 1 face(s) in the image.
[2024-12-11 17:18:11] INFO: [Backend-Python] Detected 2 face(s) in the image.
[2024-12-11 17:18:11] INFO: [Backend-Python] Detected 1 face(s) in the image.
[2024-12-11 17:18:11] INFO: [Backend-Python] Detected 1 face(s) in the image.
[2024-12-11 17:18:11] INFO: [Backend-Python] Detected 1 face(s) in the image.
[2024-12-11 17:18:12] INFO: [Backend-Python] Detected 1 face(s) in the image.
[2024-12-11 17:18:12] INFO: [Backend-Python] Detected 1 face(s) in the image.
[2024-12-11 17:18:12] INFO: [Backend-Python] Detected 1 face(s) in the image.
[2024-12-11 17:18:13] INFO: [Backend-Python] Detected 2 face(s) in the image.
[2024-12-11 17:18:13] INFO: [Backend-Python] Detected 2 face(s) in the image.
[2024-12-11 17:18:13] INFO: [Backend-Python] Detected 1 face(s) in the image.
[2024-12-11 17:18:14] INFO: [Backend-Python] Detected 1 face(s) in the image.
[2024-12-11 17:18:14] INFO: [Backend-Python] Detected 1 face(s) in the image.
[2024-12-11 17:18:14] INFO: [Backend-Python] Detected 0 face(s) in the image.
[2024-12-11 17:18:14] INFO: [Backend-Python] Matching faces found: 14
[2024-12-11 17:18:14] INFO: [Backend-Python] Face matching completed successfully.
[2024-12-11 17:18:14] INFO: [Backend-Python] Temporary image file /tmp/tmp12a8d0ye.jpg deleted.
[2024-12-11 17:18:14] INFO: [Backend-Node] Deleted uploaded image: image_1733961986190
[2024-12-11 17:18:14] INFO: [Backend-Node] Face detection and matching completed successfully.
[2024-12-11 17:18:14] INFO: [Frontend] Redis image processed successfully Face detection successful.
[2024-12-11 17:32:34] INFO: [Frontend] Image selected from dropdown
[2024-12-11 17:32:34] INFO: [Frontend] Redis image selected
[2024-12-11 17:32:34] INFO: [Frontend] Processing Redis image
[2024-12-11 17:32:36] INFO: [Backend-Node] Uploaded image to Google Cloud Storage: https://storage.googleapis.com/photomanagement_ai_photos/image_1733954873042
[2024-12-11 17:32:39] INFO: [Backend-Python] Downloaded input image from URL to /tmp/tmp62j_6836.jpg
[2024-12-11 17:32:40] INFO: [Backend-Python] Detected 1 face(s) in the image.
[2024-12-11 17:32:41] INFO: [Backend-Python] Detected 3 face(s) in the image.
[2024-12-11 17:32:41] INFO: [Backend-Python] Detected 1 face(s) in the image.
[2024-12-11 17:32:41] INFO: [Backend-Python] Detected 1 face(s) in the image.
[2024-12-11 17:32:41] INFO: [Backend-Python] Detected 1 face(s) in the image.
[2024-12-11 17:32:42] INFO: [Backend-Python] Detected 1 face(s) in the image.
[2024-12-11 17:32:42] INFO: [Backend-Python] Detected 1 face(s) in the image.
[2024-12-11 17:32:42] INFO: [Backend-Python] Detected 1 face(s) in the image.
[2024-12-11 17:32:43] INFO: [Backend-Python] Detected 1 face(s) in the image.
[2024-12-11 17:32:43] INFO: [Backend-Python] Detected 1 face(s) in the image.
[2024-12-11 17:32:43] INFO: [Backend-Python] Detected 1 face(s) in the image.
[2024-12-11 17:32:43] INFO: [Backend-Python] Detected 1 face(s) in the image.
[2024-12-11 17:32:44] INFO: [Backend-Python] Detected 2 face(s) in the image.
[2024-12-11 17:32:44] INFO: [Backend-Python] Detected 0 face(s) in the image.
[2024-12-11 17:32:44] INFO: [Backend-Python] Detected 0 face(s) in the image.
[2024-12-11 17:32:44] INFO: [Backend-Python] Detected 1 face(s) in the image.
[2024-12-11 17:32:44] INFO: [Backend-Python] Detected 1 face(s) in the image.
[2024-12-11 17:32:45] INFO: [Backend-Python] Detected 1 face(s) in the image.
[2024-12-11 17:32:45] INFO: [Backend-Python] Detected 1 face(s) in the image.
[2024-12-11 17:32:45] INFO: [Backend-Python] Detected 1 face(s) in the image.
[2024-12-11 17:32:45] INFO: [Backend-Python] Detected 1 face(s) in the image.
[2024-12-11 17:32:45] INFO: [Backend-Python] Detected 0 face(s) in the image.
[2024-12-11 17:32:46] INFO: [Backend-Python] Detected 1 face(s) in the image.
[2024-12-11 17:32:46] INFO: [Backend-Python] Detected 1 face(s) in the image.
[2024-12-11 17:32:46] INFO: [Backend-Python] Detected 1 face(s) in the image.
[2024-12-11 17:32:47] INFO: [Backend-Python] Detected 2 face(s) in the image.
[2024-12-11 17:32:47] INFO: [Backend-Python] Detected 1 face(s) in the image.
[2024-12-11 17:32:47] INFO: [Backend-Python] Detected 1 face(s) in the image.
[2024-12-11 17:32:47] INFO: [Backend-Python] Detected 1 face(s) in the image.
[2024-12-11 17:32:47] INFO: [Backend-Python] Detected 1 face(s) in the image.
[2024-12-11 17:32:48] INFO: [Backend-Python] Detected 1 face(s) in the image.
[2024-12-11 17:32:48] INFO: [Backend-Python] Detected 1 face(s) in the image.
[2024-12-11 17:32:48] INFO: [Backend-Python] Detected 2 face(s) in the image.
[2024-12-11 17:32:49] INFO: [Backend-Python] Detected 2 face(s) in the image.
[2024-12-11 17:32:49] INFO: [Backend-Python] Detected 1 face(s) in the image.
[2024-12-11 17:32:49] INFO: [Backend-Python] Detected 1 face(s) in the image.
[2024-12-11 17:32:49] INFO: [Backend-Python] Detected 1 face(s) in the image.
[2024-12-11 17:32:50] INFO: [Backend-Python] Detected 0 face(s) in the image.
[2024-12-11 17:32:50] INFO: [Backend-Python] Matching faces found: 0
[2024-12-11 17:32:50] INFO: [Backend-Python] Face matching completed successfully.
[2024-12-11 17:32:50] INFO: [Backend-Python] Temporary image file /tmp/tmp62j_6836.jpg deleted.
[2024-12-11 17:32:50] INFO: [Backend-Node] Deleted uploaded image: image_1733954873042
[2024-12-11 17:32:50] INFO: [Backend-Node] Face detection and matching completed successfully.
[2024-12-11 17:32:50] INFO: [Frontend] Redis image processed successfully Face detection successful.
[2024-12-11 17:33:02] INFO: [Frontend] Redis image selected
[2024-12-11 17:33:02] INFO: [Frontend] Image selected from dropdown
[2024-12-11 17:33:02] INFO: [Frontend] Processing Redis image
[2024-12-11 17:33:03] INFO: [Backend-Node] Uploaded image to Google Cloud Storage: https://storage.googleapis.com/photomanagement_ai_photos/image_1733961858100
[2024-12-11 17:33:05] INFO: [Backend-Python] Downloaded input image from URL to /tmp/tmpdw9wposa.jpg
[2024-12-11 17:33:06] INFO: [Backend-Python] Detected 1 face(s) in the image.
[2024-12-11 17:33:07] INFO: [Backend-Python] Detected 3 face(s) in the image.
[2024-12-11 17:33:07] INFO: [Backend-Python] Detected 1 face(s) in the image.
[2024-12-11 17:33:07] INFO: [Backend-Python] Detected 1 face(s) in the image.
[2024-12-11 17:33:08] INFO: [Backend-Python] Detected 1 face(s) in the image.
[2024-12-11 17:33:08] INFO: [Backend-Python] Detected 1 face(s) in the image.
[2024-12-11 17:33:08] INFO: [Backend-Python] Detected 1 face(s) in the image.
[2024-12-11 17:33:08] INFO: [Backend-Python] Detected 1 face(s) in the image.
[2024-12-11 17:33:08] INFO: [Backend-Python] Detected 1 face(s) in the image.
[2024-12-11 17:33:09] INFO: [Backend-Python] Detected 1 face(s) in the image.
[2024-12-11 17:33:09] INFO: [Backend-Python] Detected 1 face(s) in the image.
[2024-12-11 17:33:09] INFO: [Backend-Python] Detected 1 face(s) in the image.
[2024-12-11 17:33:09] INFO: [Backend-Python] Detected 2 face(s) in the image.
[2024-12-11 17:33:10] INFO: [Backend-Python] Detected 0 face(s) in the image.
[2024-12-11 17:33:10] INFO: [Backend-Python] Detected 0 face(s) in the image.
[2024-12-11 17:33:10] INFO: [Backend-Python] Detected 1 face(s) in the image.
[2024-12-11 17:33:10] INFO: [Backend-Python] Detected 1 face(s) in the image.
[2024-12-11 17:33:10] INFO: [Backend-Python] Detected 1 face(s) in the image.
[2024-12-11 17:33:10] INFO: [Backend-Python] Detected 1 face(s) in the image.
[2024-12-11 17:33:11] INFO: [Backend-Python] Detected 1 face(s) in the image.
[2024-12-11 17:33:11] INFO: [Backend-Python] Detected 1 face(s) in the image.
[2024-12-11 17:33:11] INFO: [Backend-Python] Detected 0 face(s) in the image.
[2024-12-11 17:33:11] INFO: [Backend-Python] Detected 1 face(s) in the image.
[2024-12-11 17:33:11] INFO: [Backend-Python] Detected 1 face(s) in the image.
[2024-12-11 17:33:12] INFO: [Backend-Python] Detected 1 face(s) in the image.
[2024-12-11 17:33:12] INFO: [Backend-Python] Detected 2 face(s) in the image.
[2024-12-11 17:33:12] INFO: [Backend-Python] Detected 1 face(s) in the image.
[2024-12-11 17:33:12] INFO: [Backend-Python] Detected 1 face(s) in the image.
[2024-12-11 17:33:13] INFO: [Backend-Python] Detected 1 face(s) in the image.
[2024-12-11 17:33:13] INFO: [Backend-Python] Detected 1 face(s) in the image.
[2024-12-11 17:33:13] INFO: [Backend-Python] Detected 1 face(s) in the image.
[2024-12-11 17:33:13] INFO: [Backend-Python] Detected 1 face(s) in the image.
[2024-12-11 17:33:14] INFO: [Backend-Python] Detected 2 face(s) in the image.
[2024-12-11 17:33:14] INFO: [Backend-Python] Detected 2 face(s) in the image.
[2024-12-11 17:33:14] INFO: [Backend-Python] Detected 1 face(s) in the image.
[2024-12-11 17:33:15] INFO: [Backend-Python] Detected 1 face(s) in the image.
[2024-12-11 17:33:15] INFO: [Backend-Python] Detected 1 face(s) in the image.
[2024-12-11 17:33:15] INFO: [Backend-Python] Detected 0 face(s) in the image.
[2024-12-11 17:33:15] INFO: [Backend-Python] Matching faces found: 14
[2024-12-11 17:33:15] INFO: [Backend-Python] Face matching completed successfully.
[2024-12-11 17:33:15] INFO: [Backend-Python] Temporary image file /tmp/tmpdw9wposa.jpg deleted.
[2024-12-11 17:33:15] INFO: [Backend-Node] Deleted uploaded image: image_1733961858100
[2024-12-11 17:33:15] INFO: [Backend-Node] Face detection and matching completed successfully.
[2024-12-11 17:33:15] INFO: [Frontend] Redis image processed successfully Face detection successful.
